<?xml version="1.0" encoding="UTF-8"?>
<!-- Generated by org.testng.reporters.JUnitXMLReporter -->
<testsuite hostname="LAPTOP-5HASLBE2" ignored="0" name="Default test" tests="9" failures="0" timestamp="28 Jun 2020 06:03:15 GMT" time="0.043" errors="0">
  <testcase name="atest" time="0.004" classname="com.test.app.TestAllTestngAnnotations"/>
  <testcase name="atest" time="0.001" classname="com.test.app.TestAllTestngAnnotations"/>
  <testcase name="atest" time="0.0" classname="com.test.app.TestAllTestngAnnotations"/>
  <testcase name="atest" time="0.001" classname="com.test.app.TestAllTestngAnnotations"/>
  <testcase name="btest" time="0.0" classname="com.test.app.TestAllTestngAnnotations"/>
  <testcase name="ftest" time="0.001" classname="com.test.app.TestAllTestngAnnotations"/>
  <testcase name="itest" time="0.001" classname="com.test.app.TestAllTestngAnnotations"/>
  <testcase name="ktest" time="0.001" classname="com.test.app.TestAllTestngAnnotations"/>
  <testcase name="rtest" time="0.0" classname="com.test.app.TestAllTestngAnnotations"/>
</testsuite> <!-- Default test -->
