<?xml version="1.0" encoding="UTF-8"?>
<!-- Generated by org.testng.reporters.JUnitXMLReporter -->
<testsuite hostname="LAPTOP-5HASLBE2" ignored="0" name="Test1" tests="9" failures="0" timestamp="27 Jun 2020 06:46:01 GMT" time="0.068" errors="0">
  <testcase name="btest" time="0.005" classname="com.test.app.TestAllTestngAnnotations"/>
  <testcase name="ftest" time="0.007" classname="com.test.app.TestAllTestngAnnotations"/>
  <testcase name="atest" time="0.009" classname="com.test.app.TestAllTestngAnnotations"/>
  <testcase name="atest" time="0.002" classname="com.test.app.TestAllTestngAnnotations"/>
  <testcase name="atest" time="0.001" classname="com.test.app.TestAllTestngAnnotations"/>
  <testcase name="atest" time="0.003" classname="com.test.app.TestAllTestngAnnotations"/>
  <testcase name="itest" time="0.002" classname="com.test.app.TestAllTestngAnnotations"/>
  <testcase name="ktest" time="0.003" classname="com.test.app.TestAllTestngAnnotations"/>
  <testcase name="rtest" time="0.001" classname="com.test.app.TestAllTestngAnnotations"/>
</testsuite> <!-- Test1 -->
