<?xml version="1.0" encoding="UTF-8"?>
<!-- Generated by org.testng.reporters.JUnitXMLReporter -->
<testsuite hostname="LAPTOP-5HASLBE2" ignored="5" name="Test" tests="1" failures="0" timestamp="27 Jun 2020 06:45:09 GMT" time="0.099" errors="0">
  <testcase name="rtest" time="0.014" classname="com.test.app.TestAllTestngAnnotations"/>
  <testcase name="itest" time="0.0" classname="com.test.app.TestAllTestngAnnotations">
    <ignored/>
  </testcase> <!-- itest -->
  <testcase name="ktest" time="0.0" classname="com.test.app.TestAllTestngAnnotations">
    <ignored/>
  </testcase> <!-- ktest -->
  <testcase name="atest" time="0.0" classname="com.test.app.TestAllTestngAnnotations">
    <ignored/>
  </testcase> <!-- atest -->
  <testcase name="btest" time="0.0" classname="com.test.app.TestAllTestngAnnotations">
    <ignored/>
  </testcase> <!-- btest -->
  <testcase name="ftest" time="0.0" classname="com.test.app.TestAllTestngAnnotations">
    <ignored/>
  </testcase> <!-- ftest -->
</testsuite> <!-- Test -->
